<?xml version="1.0" encoding="UTF-8"?>
<testng-results ignored="0" total="10" passed="10" failed="0" skipped="0">
  <reporter-output>
  </reporter-output>
  <suite started-at="2022-06-27T04:52:25 EET" name="Default Suite" finished-at="2022-06-27T04:53:57 EET" duration-ms="91785">
    <groups>
      <group name="cucumber">
        <method signature="AbstractTestNGCucumberTests.runScenario(io.cucumber.testng.PickleWrapper,io.cucumber.testng.FeatureWrapper)[pri:0, instance:RunCucumberTest@223f3642]" name="runScenario" class="io.cucumber.testng.AbstractTestNGCucumberTests"/>
      </group> <!-- cucumber -->
    </groups>
    <test started-at="2022-06-27T04:52:25 EET" name="ECommerceAppAutomationTestingNadaRamadan" finished-at="2022-06-27T04:53:57 EET" duration-ms="91785">
      <class name="RunCucumberTest">
        <test-method is-config="true" signature="setUpClass(org.testng.ITestContext)[pri:0, instance:RunCucumberTest@223f3642]" started-at="2022-06-27T04:52:25 EET" name="setUpClass" finished-at="2022-06-27T04:52:26 EET" duration-ms="725" status="PASS">
          <params>
            <param index="0">
              <value>
                <![CDATA[org.testng.TestRunner@2e0ad709]]>
              </value>
            </param>
          </params>
          <reporter-output>
          </reporter-output>
        </test-method> <!-- setUpClass -->
        <test-method signature="runScenario(io.cucumber.testng.PickleWrapper,io.cucumber.testng.FeatureWrapper)[pri:0, instance:RunCucumberTest@223f3642]" started-at="2022-06-27T04:52:26 EET" name="runScenario" description="Runs Cucumber Scenarios" data-provider="scenarios" finished-at="2022-06-27T04:52:42 EET" duration-ms="16060" status="PASS">
          <params>
            <param index="0">
              <value>
                <![CDATA["guest user could register with valid data successfully"]]>
              </value>
            </param>
            <param index="1">
              <value>
                <![CDATA["F01_Register | users could register with new accounts"]]>
              </value>
            </param>
          </params>
          <reporter-output>
          </reporter-output>
        </test-method> <!-- runScenario -->
        <test-method signature="runScenario(io.cucumber.testng.PickleWrapper,io.cucumber.testng.FeatureWrapper)[pri:0, instance:RunCucumberTest@223f3642]" started-at="2022-06-27T04:52:42 EET" name="runScenario" description="Runs Cucumber Scenarios" data-provider="scenarios" finished-at="2022-06-27T04:52:50 EET" duration-ms="7545" status="PASS">
          <params>
            <param index="0">
              <value>
                <![CDATA["user could login with valid email and password"]]>
              </value>
            </param>
            <param index="1">
              <value>
                <![CDATA["F02_Login | users could use login functionality to use their accounts"]]>
              </value>
            </param>
          </params>
          <reporter-output>
          </reporter-output>
        </test-method> <!-- runScenario -->
        <test-method signature="runScenario(io.cucumber.testng.PickleWrapper,io.cucumber.testng.FeatureWrapper)[pri:0, instance:RunCucumberTest@223f3642]" started-at="2022-06-27T04:52:50 EET" name="runScenario" description="Runs Cucumber Scenarios" data-provider="scenarios" finished-at="2022-06-27T04:52:56 EET" duration-ms="6825" status="PASS">
          <params>
            <param index="0">
              <value>
                <![CDATA["user could change currencies"]]>
              </value>
            </param>
            <param index="1">
              <value>
                <![CDATA["F03_currencies | user could change currencies"]]>
              </value>
            </param>
          </params>
          <reporter-output>
          </reporter-output>
        </test-method> <!-- runScenario -->
        <test-method signature="runScenario(io.cucumber.testng.PickleWrapper,io.cucumber.testng.FeatureWrapper)[pri:0, instance:RunCucumberTest@223f3642]" started-at="2022-06-27T04:52:56 EET" name="runScenario" description="Runs Cucumber Scenarios" data-provider="scenarios" finished-at="2022-06-27T04:53:08 EET" duration-ms="11865" status="PASS">
          <params>
            <param index="0">
              <value>
                <![CDATA["user can search for products"]]>
              </value>
            </param>
            <param index="1">
              <value>
                <![CDATA["F04_search | user could search for products"]]>
              </value>
            </param>
          </params>
          <reporter-output>
          </reporter-output>
        </test-method> <!-- runScenario -->
        <test-method signature="runScenario(io.cucumber.testng.PickleWrapper,io.cucumber.testng.FeatureWrapper)[pri:0, instance:RunCucumberTest@223f3642]" started-at="2022-06-27T04:53:08 EET" name="runScenario" description="Runs Cucumber Scenarios" data-provider="scenarios" finished-at="2022-06-27T04:53:17 EET" duration-ms="8741" status="PASS">
          <params>
            <param index="0">
              <value>
                <![CDATA["user can search for products"]]>
              </value>
            </param>
            <param index="1">
              <value>
                <![CDATA["F04_search | user could search for products"]]>
              </value>
            </param>
          </params>
          <reporter-output>
          </reporter-output>
        </test-method> <!-- runScenario -->
        <test-method signature="runScenario(io.cucumber.testng.PickleWrapper,io.cucumber.testng.FeatureWrapper)[pri:0, instance:RunCucumberTest@223f3642]" started-at="2022-06-27T04:53:17 EET" name="runScenario" description="Runs Cucumber Scenarios" data-provider="scenarios" finished-at="2022-06-27T04:53:26 EET" duration-ms="9311" status="PASS">
          <params>
            <param index="0">
              <value>
                <![CDATA["user can search for products"]]>
              </value>
            </param>
            <param index="1">
              <value>
                <![CDATA["F04_search | user could search for products"]]>
              </value>
            </param>
          </params>
          <reporter-output>
          </reporter-output>
        </test-method> <!-- runScenario -->
        <test-method signature="runScenario(io.cucumber.testng.PickleWrapper,io.cucumber.testng.FeatureWrapper)[pri:0, instance:RunCucumberTest@223f3642]" started-at="2022-06-27T04:53:26 EET" name="runScenario" description="Runs Cucumber Scenarios" data-provider="scenarios" finished-at="2022-06-27T04:53:34 EET" duration-ms="7788" status="PASS">
          <params>
            <param index="0">
              <value>
                <![CDATA["user can search for products by sku"]]>
              </value>
            </param>
            <param index="1">
              <value>
                <![CDATA["F04_search | user could search for products"]]>
              </value>
            </param>
          </params>
          <reporter-output>
          </reporter-output>
        </test-method> <!-- runScenario -->
        <test-method signature="runScenario(io.cucumber.testng.PickleWrapper,io.cucumber.testng.FeatureWrapper)[pri:0, instance:RunCucumberTest@223f3642]" started-at="2022-06-27T04:53:34 EET" name="runScenario" description="Runs Cucumber Scenarios" data-provider="scenarios" finished-at="2022-06-27T04:53:42 EET" duration-ms="7746" status="PASS">
          <params>
            <param index="0">
              <value>
                <![CDATA["user can search for products by sku"]]>
              </value>
            </param>
            <param index="1">
              <value>
                <![CDATA["F04_search | user could search for products"]]>
              </value>
            </param>
          </params>
          <reporter-output>
          </reporter-output>
        </test-method> <!-- runScenario -->
        <test-method signature="runScenario(io.cucumber.testng.PickleWrapper,io.cucumber.testng.FeatureWrapper)[pri:0, instance:RunCucumberTest@223f3642]" started-at="2022-06-27T04:53:42 EET" name="runScenario" description="Runs Cucumber Scenarios" data-provider="scenarios" finished-at="2022-06-27T04:53:48 EET" duration-ms="5724" status="PASS">
          <params>
            <param index="0">
              <value>
                <![CDATA["user can search for products by sku"]]>
              </value>
            </param>
            <param index="1">
              <value>
                <![CDATA["F04_search | user could search for products"]]>
              </value>
            </param>
          </params>
          <reporter-output>
          </reporter-output>
        </test-method> <!-- runScenario -->
        <test-method signature="runScenario(io.cucumber.testng.PickleWrapper,io.cucumber.testng.FeatureWrapper)[pri:0, instance:RunCucumberTest@223f3642]" started-at="2022-06-27T04:53:48 EET" name="runScenario" description="Runs Cucumber Scenarios" data-provider="scenarios" finished-at="2022-06-27T04:53:57 EET" duration-ms="9220" status="PASS">
          <params>
            <param index="0">
              <value>
                <![CDATA["user could use from main categories"]]>
              </value>
            </param>
            <param index="1">
              <value>
                <![CDATA["F05_search | user could use from main categories"]]>
              </value>
            </param>
          </params>
          <reporter-output>
          </reporter-output>
        </test-method> <!-- runScenario -->
        <test-method is-config="true" signature="tearDownClass()[pri:0, instance:RunCucumberTest@223f3642]" started-at="2022-06-27T04:53:57 EET" name="tearDownClass" finished-at="2022-06-27T04:53:57 EET" duration-ms="171" status="PASS">
          <reporter-output>
          </reporter-output>
        </test-method> <!-- tearDownClass -->
      </class> <!-- RunCucumberTest -->
    </test> <!-- ECommerceAppAutomationTestingNadaRamadan -->
  </suite> <!-- Default Suite -->
</testng-results>
